<?xml version="1.0" encoding="UTF-8"?>
<testng-results ignored="0" total="1" passed="1" failed="0" skipped="0">
  <reporter-output>
  </reporter-output>
  <suite started-at="2022-11-23T17:37:23 EST" name="Suite" finished-at="2022-11-23T17:37:32 EST" duration-ms="8563">
    <groups>
      <group name="cucumber">
        <method signature="AbstractTestNGCucumberTests.runScenario(cucumber.api.testng.PickleEventWrapper,cucumber.api.testng.CucumberFeatureWrapper)[pri:0, instance:com.cucumber.test.CucumberRunner@6cd28fa7]" name="runScenario" class="cucumber.api.testng.AbstractTestNGCucumberTests"/>
      </group> <!-- cucumber -->
    </groups>
    <test started-at="2022-11-23T17:37:23 EST" name="Test" finished-at="2022-11-23T17:37:32 EST" duration-ms="8563">
      <class name="com.cucumber.test.CucumberRunner">
        <test-method is-config="true" signature="setUpClass()[pri:0, instance:com.cucumber.test.CucumberRunner@6cd28fa7]" started-at="2022-11-23T17:37:23 EST" name="setUpClass" finished-at="2022-11-23T17:37:23 EST" duration-ms="112" status="PASS">
          <reporter-output>
          </reporter-output>
        </test-method> <!-- setUpClass -->
        <test-method signature="runScenario(cucumber.api.testng.PickleEventWrapper,cucumber.api.testng.CucumberFeatureWrapper)[pri:0, instance:com.cucumber.test.CucumberRunner@6cd28fa7]" started-at="2022-11-23T17:37:23 EST" name="runScenario" description="Runs Cucumber Scenarios" data-provider="scenarios" finished-at="2022-11-23T17:37:32 EST" duration-ms="8369" status="PASS">
          <params>
            <param index="0">
              <value>
                <![CDATA["As a luma aplication user,must do succesfull login with valid creadential."]]>
              </value>
            </param>
            <param index="1">
              <value>
                <![CDATA["Login fuction test"]]>
              </value>
            </param>
          </params>
          <reporter-output>
          </reporter-output>
        </test-method> <!-- runScenario -->
        <test-method is-config="true" signature="tearDownClass()[pri:0, instance:com.cucumber.test.CucumberRunner@6cd28fa7]" started-at="2022-11-23T17:37:32 EST" name="tearDownClass" finished-at="2022-11-23T17:37:32 EST" duration-ms="26" status="PASS">
          <reporter-output>
          </reporter-output>
        </test-method> <!-- tearDownClass -->
      </class> <!-- com.cucumber.test.CucumberRunner -->
    </test> <!-- Test -->
  </suite> <!-- Suite -->
</testng-results>
